# JRE version: OpenJDK Runtime Environment Microsoft-7208460 (11.0.18+10) (build 11.0.18+10-LTS)
# Java VM: OpenJDK 64-Bit Server VM Microsoft-7208460 (11.0.18+10-LTS, mixed mode, tiered, compressed oops, g1 gc, windows-amd64)
Heap:
 garbage-first heap   total 167936K, used 136192K [0x0000000080000000, 0x0000000100000000)
  region size 1024K, 61 young (62464K), 5 survivors (5120K)
 Metaspace       used 97355K, capacity 99719K, committed 99796K, reserved 604160K
  class space    used 12820K, capacity 13771K, committed 13824K, reserved 516096K
GC Heap History (20 events):
Event: 17.769 GC heap after
{Heap after GC invocations=14 (full 0):
 garbage-first heap   total 115712K, used 34165K [0x0000000080000000, 0x0000000100000000)
  region size 1024K, 5 young (5120K), 5 survivors (5120K)
 Metaspace       used 53059K, capacity 54356K, committed 54608K, reserved 565248K
  class space    used 6764K, capacity 7325K, committed 7424K, reserved 516096K
}
Event: 19.834 GC heap before
{Heap before GC invocations=14 (full 0):
 garbage-first heap   total 115712K, used 80245K [0x0000000080000000, 0x0000000100000000)
  region size 1024K, 47 young (48128K), 5 survivors (5120K)
 Metaspace       used 58691K, capacity 60157K, committed 60240K, reserved 569344K
  class space    used 7478K, capacity 8125K, committed 8192K, reserved 516096K
}
Event: 19.861 GC heap after
{Heap after GC invocations=15 (full 0):
 garbage-first heap   total 139264K, used 42873K [0x0000000080000000, 0x0000000100000000)
  region size 1024K, 7 young (7168K), 7 survivors (7168K)
 Metaspace       used 58691K, capacity 60157K, committed 60240K, reserved 569344K
  class space    used 7478K, capacity 8125K, committed 8192K, reserved 516096K
}
Event: 21.496 GC heap before
{Heap before GC invocations=16 (full 0):
 garbage-first heap   total 139264K, used 100217K [0x0000000080000000, 0x0000000100000000)
  region size 1024K, 63 young (64512K), 7 survivors (7168K)
 Metaspace       used 63853K, capacity 65472K, committed 65620K, reserved 573440K
  class space    used 8274K, capacity 8963K, committed 9088K, reserved 516096K
}
Event: 21.517 GC heap after
{Heap after GC invocations=17 (full 0):
 garbage-first heap   total 139264K, used 45204K [0x0000000080000000, 0x0000000100000000)
  region size 1024K, 3 young (3072K), 3 survivors (3072K)
 Metaspace       used 63853K, capacity 65472K, committed 65620K, reserved 573440K
  class space    used 8274K, capacity 8963K, committed 9088K, reserved 516096K
}
Event: 22.317 GC heap before
{Heap before GC invocations=18 (full 0):
 garbage-first heap   total 139264K, used 102548K [0x0000000080000000, 0x0000000100000000)
  region size 1024K, 59 young (60416K), 3 survivors (3072K)
 Metaspace       used 67838K, capacity 69506K, committed 69716K, reserved 577536K
  class space    used 8804K, capacity 9518K, committed 9600K, reserved 516096K
}
Event: 22.327 GC heap after
{Heap after GC invocations=19 (full 0):
 garbage-first heap   total 139264K, used 46221K [0x0000000080000000, 0x0000000100000000)
  region size 1024K, 4 young (4096K), 4 survivors (4096K)
 Metaspace       used 67838K, capacity 69506K, committed 69716K, reserved 577536K
  class space    used 8804K, capacity 9518K, committed 9600K, reserved 516096K
}
Event: 23.625 GC heap before
{Heap before GC invocations=19 (full 0):
 garbage-first heap   total 139264K, used 104589K [0x0000000080000000, 0x0000000100000000)
  region size 1024K, 61 young (62464K), 4 survivors (4096K)
 Metaspace       used 71364K, capacity 73368K, committed 73556K, reserved 581632K
  class space    used 9286K, capacity 10091K, committed 10112K, reserved 516096K
}
Event: 23.644 GC heap after
{Heap after GC invocations=20 (full 0):
 garbage-first heap   total 139264K, used 49010K [0x0000000080000000, 0x0000000100000000)
  region size 1024K, 6 young (6144K), 6 survivors (6144K)
 Metaspace       used 71364K, capacity 73368K, committed 73556K, reserved 581632K
  class space    used 9286K, capacity 10091K, committed 10112K, reserved 516096K
}
Event: 25.755 GC heap before
{Heap before GC invocations=20 (full 0):
 garbage-first heap   total 139264K, used 109426K [0x0000000080000000, 0x0000000100000000)
  region size 1024K, 66 young (67584K), 6 survivors (6144K)
 Metaspace       used 75634K, capacity 77688K, committed 77780K, reserved 583680K
  class space    used 9838K, capacity 10705K, committed 10752K, reserved 516096K
}
Event: 25.777 GC heap after
{Heap after GC invocations=21 (full 0):
 garbage-first heap   total 139264K, used 53367K [0x0000000080000000, 0x0000000100000000)
  region size 1024K, 9 young (9216K), 9 survivors (9216K)
 Metaspace       used 75634K, capacity 77688K, committed 77780K, reserved 583680K
  class space    used 9838K, capacity 10705K, committed 10752K, reserved 516096K
}
Event: 27.788 GC heap before
{Heap before GC invocations=21 (full 0):
 garbage-first heap   total 139264K, used 111735K [0x0000000080000000, 0x0000000100000000)
  region size 1024K, 64 young (65536K), 9 survivors (9216K)
 Metaspace       used 79794K, capacity 82018K, committed 82260K, reserved 587776K
  class space    used 10363K, capacity 11283K, committed 11392K, reserved 516096K
}
Event: 27.819 GC heap after
{Heap after GC invocations=22 (full 0):
 garbage-first heap   total 167936K, used 61423K [0x0000000080000000, 0x0000000100000000)
  region size 1024K, 7 young (7168K), 7 survivors (7168K)
 Metaspace       used 79794K, capacity 82018K, committed 82260K, reserved 587776K
  class space    used 10363K, capacity 11283K, committed 11392K, reserved 516096K
}
Event: 29.670 GC heap before
{Heap before GC invocations=22 (full 0):
 garbage-first heap   total 167936K, used 134127K [0x0000000080000000, 0x0000000100000000)
  region size 1024K, 69 young (70656K), 7 survivors (7168K)
 Metaspace       used 85563K, capacity 87900K, committed 88020K, reserved 593920K
  class space    used 11042K, capacity 11999K, committed 12032K, reserved 516096K
}
Event: 29.694 GC heap after
{Heap after GC invocations=23 (full 0):
 garbage-first heap   total 167936K, used 70758K [0x0000000080000000, 0x0000000100000000)
  region size 1024K, 7 young (7168K), 7 survivors (7168K)
 Metaspace       used 85563K, capacity 87900K, committed 88020K, reserved 593920K
  class space    used 11042K, capacity 11999K, committed 12032K, reserved 516096K
}
Event: 31.073 GC heap before
{Heap before GC invocations=23 (full 0):
 garbage-first heap   total 167936K, used 132198K [0x0000000080000000, 0x0000000100000000)
  region size 1024K, 66 young (67584K), 7 survivors (7168K)
 Metaspace       used 88671K, capacity 91019K, committed 91348K, reserved 595968K
  class space    used 11476K, capacity 12455K, committed 12544K, reserved 516096K
}
Event: 31.093 GC heap after
{Heap after GC invocations=24 (full 0):
 garbage-first heap   total 167936K, used 74850K [0x0000000080000000, 0x0000000100000000)
  region size 1024K, 5 young (5120K), 5 survivors (5120K)
 Metaspace       used 88671K, capacity 91019K, committed 91348K, reserved 595968K
  class space    used 11476K, capacity 12455K, committed 12544K, reserved 516096K
}
Event: 36.524 GC heap before
{Heap before GC invocations=24 (full 0):
 garbage-first heap   total 167936K, used 134242K [0x0000000080000000, 0x0000000100000000)
  region size 1024K, 63 young (64512K), 5 survivors (5120K)
 Metaspace       used 92482K, capacity 94749K, committed 95060K, reserved 600064K
  class space    used 12105K, capacity 13079K, committed 13184K, reserved 516096K
}
Event: 36.542 GC heap after
{Heap after GC invocations=25 (full 0):
 garbage-first heap   total 167936K, used 78848K [0x0000000080000000, 0x0000000100000000)
  region size 1024K, 8 young (8192K), 8 survivors (8192K)
 Metaspace       used 92482K, capacity 94749K, committed 95060K, reserved 600064K
  class space    used 12105K, capacity 13079K, committed 13184K, reserved 516096K
}
Event: 37.997 GC heap before
{Heap before GC invocations=25 (full 0):
 garbage-first heap   total 167936K, used 136192K [0x0000000080000000, 0x0000000100000000)
  region size 1024K, 64 young (65536K), 8 survivors (8192K)
 Metaspace       used 97355K, capacity 99719K, committed 99796K, reserved 604160K
  class space    used 12820K, capacity 13771K, committed 13824K, reserved 516096K
}

